<?xml version="1.0" encoding="UTF-8"?>
<!-- Generated by org.testng.reporters.JUnitXMLReporter -->
<testsuite ignored="0" hostname="TX60LP519037" failures="0" tests="2" name="Default test" time="26.6" errors="0" timestamp="03 Jan 2019 17:52:42 GMT">
  <testcase classname="com.Whitecirclesschool.demo.TestScripts.DrList_Test" name="DoctorsListValidatio" time="9.28"/>
  <testcase classname="com.Whitecirclesschool.demo.TestScripts.DrList_Test" name="validatelinktext" time="8.251"/>
</testsuite> <!-- Default test -->
