<?xml version="1.0" encoding="UTF-8"?>
<testng-results ignored="0" total="2" passed="2" failed="0" skipped="0">
  <reporter-output>
  </reporter-output>
  <suite started-at="2019-01-03T17:52:16Z" name="Default suite" finished-at="2019-01-03T17:52:42Z" duration-ms="26600">
    <groups>
    </groups>
    <test started-at="2019-01-03T17:52:16Z" name="Default test" finished-at="2019-01-03T17:52:42Z" duration-ms="26600">
      <class name="com.Whitecirclesschool.demo.TestScripts.DrList_Test">
        <test-method is-config="true" signature="openBrowser()[pri:0, instance:com.Whitecirclesschool.demo.TestScripts.DrList_Test@38102d01]" started-at="2019-01-03T17:52:16Z" name="openBrowser" finished-at="2019-01-03T17:52:24Z" duration-ms="8548" status="PASS">
          <reporter-output>
          </reporter-output>
        </test-method> <!-- openBrowser -->
        <test-method signature="DoctorsListValidatio()[pri:0, instance:com.Whitecirclesschool.demo.TestScripts.DrList_Test@38102d01]" started-at="2019-01-03T17:52:24Z" name="DoctorsListValidatio" finished-at="2019-01-03T17:52:33Z" duration-ms="9280" status="PASS">
          <reporter-output>
          </reporter-output>
        </test-method> <!-- DoctorsListValidatio -->
        <test-method signature="validatelinktext()[pri:1, instance:com.Whitecirclesschool.demo.TestScripts.DrList_Test@38102d01]" started-at="2019-01-03T17:52:33Z" name="validatelinktext" finished-at="2019-01-03T17:52:42Z" duration-ms="8251" status="PASS">
          <reporter-output>
          </reporter-output>
        </test-method> <!-- validatelinktext -->
        <test-method is-config="true" signature="close()[pri:0, instance:com.Whitecirclesschool.demo.TestScripts.DrList_Test@38102d01]" started-at="2019-01-03T17:52:42Z" name="close" finished-at="2019-01-03T17:52:42Z" duration-ms="427" status="PASS">
          <reporter-output>
          </reporter-output>
        </test-method> <!-- close -->
      </class> <!-- com.Whitecirclesschool.demo.TestScripts.DrList_Test -->
    </test> <!-- Default test -->
  </suite> <!-- Default suite -->
</testng-results>
